<?xml version="1.0" encoding="UTF-8" ?>
<testsuite errors="0" failures="0" hostname="PRINHYLTPDL0797" name="playlist.backend.PlaylistControllerSpec" tests="1" time="1.177" timestamp="2019-03-29T11:32:13">
  <properties />
  <testcase classname="playlist.backend.PlaylistControllerSpec" name="test something" time="1.166" />
  <system-out><![CDATA[--Output from test something--
]]></system-out>
  <system-err><![CDATA[--Output from test something--
]]></system-err>
</testsuite>
