<?xml version="1.0" encoding="UTF-8" ?>
<testsuite errors="0" failures="0" hostname="PRINHYLTPDL0797" name="playlist.backend.PlaylistServiceSpec" tests="1" time="0.072" timestamp="2019-03-29T11:32:14">
  <properties />
  <testcase classname="playlist.backend.PlaylistServiceSpec" name="test something" time="0.068" />
  <system-out><![CDATA[--Output from test something--
]]></system-out>
  <system-err><![CDATA[--Output from test something--
]]></system-err>
</testsuite>
